<?xml version="1.0" encoding="UTF-8"?>
<!-- Generated by org.testng.reporters.JUnitXMLReporter -->
<testsuite ignored="0" hostname="MX-IT-ANARUIZ4" failures="0" tests="3" name="Default test" time="8.824" errors="0" timestamp="2025-03-21T12:31:08 CST">
  <testcase classname="Tests.FillFormTests" name="FillFormSteps" time="0.005"/>
  <testcase classname="Tests.FillFormTests" name="FillFormSteps" time="0.001"/>
  <testcase classname="Tests.FillFormTests" name="FillFormSteps" time="0.001"/>
</testsuite> <!-- Default test -->
