<?xml version="1.0" encoding="UTF-8"?>
<testng-results ignored="0" total="3" passed="3" failed="0" skipped="0">
  <reporter-output>
  </reporter-output>
  <suite started-at="2025-03-21T12:30:59 CST" name="Default suite" finished-at="2025-03-21T12:31:08 CST" duration-ms="8824">
    <groups>
    </groups>
    <test started-at="2025-03-21T12:30:59 CST" name="Default test" finished-at="2025-03-21T12:31:08 CST" duration-ms="8824">
      <class name="Tests.FillFormTests">
        <test-method is-config="true" signature="SetUpTest()[pri:0, instance:Tests.FillFormTests@41a2befb]" started-at="2025-03-21T12:30:59 CST" name="SetUpTest" finished-at="2025-03-21T12:31:07 CST" duration-ms="8564" status="PASS">
          <reporter-output>
          </reporter-output>
        </test-method> <!-- SetUpTest -->
        <test-method signature="FillFormSteps(Models.FillFormListModel$Users,Models.FillFormListModel)[pri:0, instance:Tests.FillFormTests@41a2befb]" started-at="2025-03-21T12:31:07 CST" name="FillFormSteps" data-provider="FillFormData" finished-at="2025-03-21T12:31:07 CST" duration-ms="5" status="PASS">
          <params>
            <param index="0">
              <value>
                <![CDATA[Miguel]]>
              </value>
            </param>
            <param index="1">
              <value>
                <![CDATA[Models.FillFormListModel@11d4dbd6]]>
              </value>
            </param>
          </params>
          <reporter-output>
          </reporter-output>
        </test-method> <!-- FillFormSteps -->
        <test-method signature="FillFormSteps(Models.FillFormListModel$Users,Models.FillFormListModel)[pri:0, instance:Tests.FillFormTests@41a2befb]" started-at="2025-03-21T12:31:07 CST" name="FillFormSteps" data-provider="FillFormData" finished-at="2025-03-21T12:31:07 CST" duration-ms="1" status="PASS">
          <params>
            <param index="0">
              <value>
                <![CDATA[Billy]]>
              </value>
            </param>
            <param index="1">
              <value>
                <![CDATA[Models.FillFormListModel@240f6c41]]>
              </value>
            </param>
          </params>
          <reporter-output>
          </reporter-output>
        </test-method> <!-- FillFormSteps -->
        <test-method signature="FillFormSteps(Models.FillFormListModel$Users,Models.FillFormListModel)[pri:0, instance:Tests.FillFormTests@41a2befb]" started-at="2025-03-21T12:31:07 CST" name="FillFormSteps" data-provider="FillFormData" finished-at="2025-03-21T12:31:07 CST" duration-ms="1" status="PASS">
          <params>
            <param index="0">
              <value>
                <![CDATA[Juan]]>
              </value>
            </param>
            <param index="1">
              <value>
                <![CDATA[Models.FillFormListModel@2015b2cd]]>
              </value>
            </param>
          </params>
          <reporter-output>
          </reporter-output>
        </test-method> <!-- FillFormSteps -->
        <test-method is-config="true" signature="TearDownTest()[pri:0, instance:Tests.FillFormTests@41a2befb]" started-at="2025-03-21T12:31:07 CST" name="TearDownTest" finished-at="2025-03-21T12:31:08 CST" duration-ms="224" status="PASS">
          <reporter-output>
          </reporter-output>
        </test-method> <!-- TearDownTest -->
      </class> <!-- Tests.FillFormTests -->
    </test> <!-- Default test -->
  </suite> <!-- Default suite -->
</testng-results>
